{
  "RSpec": {
    "coverage": {
      "/home/electrila/tic-tac-toe-rb-online-web-sp-000/lib/tic_tac_toe.rb": [
        null,
        null,
        1,
        null,
        null,
        null,
        null,
        null,
        null,
        null,
        null,
        null,
        1,
        22,
        22,
        22,
        22,
        22,
        null,
        null,
        1,
        20,
        20,
        null,
        null,
        1,
        20,
        null,
        null,
        1,
        22,
        null,
        null,
        1,
        20,
        17,
        null,
        3,
        null,
        null,
        null,
        1,
        2,
        2,
        18,
        5,
        null,
        null,
        2,
        null,
        null,
        1,
        1,
        null,
        null,
        1,
        17,
        17,
        17,
        17,
        16,
        null,
        1,
        null,
        17,
        null,
        null,
        1,
        25,
        164,
        164,
        164,
        null,
        164,
        164,
        164,
        null,
        164,
        7,
        157,
        2,
        null,
        null,
        16,
        null,
        null,
        1,
        115,
        null,
        null,
        1,
        14,
        5,
        null,
        9,
        null,
        null,
        null,
        1,
        18,
        10,
        null,
        8,
        null,
        null,
        null,
        1,
        3,
        3,
        null,
        2,
        1,
        null,
        1,
        null,
        null,
        null,
        1,
        12,
        14,
        null,
        null,
        null,
        null,
        null,
        null,
        null,
        null,
        null,
        null,
        null
      ]
    },
    "timestamp": 1621263329
  }
}
