{
  "RSpec": {
    "coverage": {
      "/home/electrila/tic-tac-toe-rb-online-web-sp-000/lib/tic_tac_toe.rb": [
        null,
        null,
        1,
        null,
        null,
        null,
        null,
        null,
        null,
        null,
        null,
        null,
        1,
        8,
        8,
        8,
        8,
        8,
        null,
        null,
        1,
        6,
        6,
        null,
        null,
        1,
        6,
        null,
        null,
        1,
        8,
        null,
        null,
        1,
        6,
        3,
        null,
        3,
        null,
        null,
        null,
        1,
        2,
        2,
        18,
        5,
        null,
        null,
        2,
        null,
        null,
        1,
        1,
        null,
        null,
        1,
        3,
        3,
        3,
        3,
        2,
        null,
        1,
        null,
        3,
        null,
        null,
        1,
        10906,
        87219,
        87219,
        87219,
        null,
        87219,
        87219,
        87219,
        null,
        87219,
        6,
        87213,
        2,
        null,
        null,
        10898,
        null,
        null,
        1,
        43623,
        null,
        null,
        1,
        10894,
        5,
        null,
        10888,
        null,
        null,
        null,
        1,
        10901,
        13,
        null,
        10887,
        null,
        null,
        null,
        1,
        3,
        3,
        null,
        2,
        1,
        null,
        1,
        null,
        null,
        null,
        1,
        10905,
        10893,
        null,
        null,
        null,
        null,
        null,
        null,
        null,
        null,
        null,
        null,
        null
      ]
    },
    "timestamp": 1621263159
  }
}
